\BOOKMARK [1][-]{Letter.1}{Letter}{}% 1
\BOOKMARK [1][-]{Dedication.1}{Dedication}{}% 2
\BOOKMARK [1][-]{Dedication.1}{Dedication}{}% 3
\BOOKMARK [1][-]{acknowledgments.1}{Acknowledgments}{}% 4
\BOOKMARK [1][-]{Abstract.1}{Abstract}{}% 5
\BOOKMARK [1][-]{Resumen.1}{Resumen}{}% 6
\BOOKMARK [1][-]{publications.1}{Publications}{}% 7
\BOOKMARK [1][-]{tableofcontents.1}{Contents}{}% 8
\BOOKMARK [1][-]{lof.1}{List of Figures}{}% 9
\BOOKMARK [0][]{chapter.1}{1 Introduction}{}% 10
\BOOKMARK [1][-]{section.1.1}{1.1 Rationale: Overview of the nutrient pollution challenge}{chapter.1}% 11
\BOOKMARK [1][-]{section.1.2}{1.2 Approaches for processes modeling}{chapter.1}% 12
\BOOKMARK [2][-]{subsection.1.2.1}{1.2.1 Short-cut methods}{section.1.2}% 13
\BOOKMARK [2][-]{subsection.1.2.2}{1.2.2 Rules of thumb}{section.1.2}% 14
\BOOKMARK [2][-]{subsection.1.2.3}{1.2.3 Dimensionless analysis}{section.1.2}% 15
\BOOKMARK [2][-]{subsection.1.2.4}{1.2.4 Mechanistic models}{section.1.2}% 16
\BOOKMARK [2][-]{subsection.1.2.5}{1.2.5 Surrogate models}{section.1.2}% 17
\BOOKMARK [2][-]{subsection.1.2.6}{1.2.6 Experimental correlations}{section.1.2}% 18
\BOOKMARK [1][-]{section.1.3}{1.3 Approaches for decision-support systems}{chapter.1}% 19
\BOOKMARK [2][-]{subsection.1.3.1}{1.3.1 Multi-Attribute Decision Analysis \(MADA\)}{section.1.3}% 20
\BOOKMARK [1][-]{section.1.4}{1.4 Approaches for geospatial environmental assessment}{chapter.1}% 21
\BOOKMARK [1][-]{section.1.5}{1.5 Thesis outline}{chapter.1}% 22
\BOOKMARK [2][-]{subsection.1.5.1}{1.5.1 Part I - Phosphorus management and recovery}{section.1.5}% 23
\BOOKMARK [2][-]{subsection.1.5.2}{1.5.2 Part II - Nitrogen management and recovery}{section.1.5}% 24
\BOOKMARK [2][-]{subsection.1.5.3}{1.5.3 Part III - Nitrogen management and recovery}{section.1.5}% 25
\BOOKMARK [1][-]{paragraph*.18}{Bibliography}{chapter.1}% 26
\BOOKMARK [0][]{chapter.2}{2 Objective}{}% 27
\BOOKMARK [1][-]{section.2.1}{2.1 Scope and objectives of the thesis}{chapter.2}% 28
\BOOKMARK [1][-]{section.2.2}{2.2 Main objective}{chapter.2}% 29
\BOOKMARK [1][-]{section.2.3}{2.3 Specific objectives}{chapter.2}% 30
\BOOKMARK [-1][]{part.1}{ Phosphorus management and recovery}{}% 31
\BOOKMARK [-1][]{part.2}{ Nitrogen management and recovery}{}% 32
\BOOKMARK [0][]{chapter.3}{3 Multi-scale techno-economic assessment of nitrogen recovery systems for swine operations}{part.2}% 33
\BOOKMARK [1][-]{section.3.1}{3.1 Introduction}{chapter.3}% 34
\BOOKMARK [1][-]{section.3.2}{3.2 Methods}{chapter.3}% 35
\BOOKMARK [2][-]{subsection.3.2.1}{3.2.1 Livestock waste}{section.3.2}% 36
\BOOKMARK [2][-]{subsection.3.2.2}{3.2.2 Nitrogen management systems assessment framework}{section.3.2}% 37
\BOOKMARK [2][-]{subsection.3.2.3}{3.2.3 Economic assessment}{section.3.2}% 38
\BOOKMARK [1][-]{section.3.3}{3.3 Results and discussion}{chapter.3}% 39
\BOOKMARK [2][-]{subsection.3.3.1}{3.3.1 Nitrogen flows and recovery efficiency}{section.3.3}% 40
\BOOKMARK [2][-]{subsection.3.3.2}{3.3.2 Economic assessment and scale-up}{section.3.3}% 41
\BOOKMARK [1][-]{section.3.4}{3.4 Conclusions}{chapter.3}% 42
\BOOKMARK [1][-]{section.3.4}{Acknowledgments}{chapter.3}% 43
\BOOKMARK [1][-]{section.3.4}{Bibliography}{chapter.3}% 44
\BOOKMARK [-1][]{part.3}{ Integration of anaerobic digestion and nutrient management systems}{}% 45
\BOOKMARK [-1][]{part.4}{ Appendix}{}% 46
\BOOKMARK [0][]{appendix.Alph1}{A Appendix D: Supplementary Information of Chapter 6}{part.4}% 47
\BOOKMARK [1][-]{section.Alph1.1}{A.1 Modeling details of nutrient recovery processes}{appendix.Alph1}% 48
\BOOKMARK [2][-]{subsection.Alph1.1.1}{A.1.1 Anaerobic digestion}{section.Alph1.1}% 49
\BOOKMARK [2][-]{subsection.Alph1.1.2}{A.1.2 Biogas conditioning}{section.Alph1.1}% 50
\BOOKMARK [2][-]{subsection.Alph1.1.3}{A.1.3 Digestate solid-liquid separation}{section.Alph1.1}% 51
\BOOKMARK [2][-]{subsection.Alph1.1.4}{A.1.4 Struvite production: Multiform system}{section.Alph1.1}% 52
\BOOKMARK [2][-]{subsection.Alph1.1.5}{A.1.5 MAPHEX}{section.Alph1.1}% 53
\BOOKMARK [2][-]{subsection.Alph1.1.6}{A.1.6 Transmembrane chemisorption}{section.Alph1.1}% 54
\BOOKMARK [2][-]{subsection.Alph1.1.7}{A.1.7 Ammonia evaporation}{section.Alph1.1}% 55
\BOOKMARK [2][-]{subsection.Alph1.1.8}{A.1.8 Stripping in packed tower}{section.Alph1.1}% 56
\BOOKMARK [2][-]{subsection.Alph1.1.9}{A.1.9 Acidic scrubbing}{section.Alph1.1}% 57
\BOOKMARK [1][-]{section.Alph1.2}{A.2 Capital and operating expenses}{appendix.Alph1}% 58
\BOOKMARK [1][-]{section.Alph1.3}{A.3 Processing cost}{appendix.Alph1}% 59
\BOOKMARK [1][-]{table.caption.48}{Bibliography}{appendix.Alph1}% 60
