This is pdfTeX, Version 3.14159265-2.6-1.40.20 (TeX Live 2019/Debian) (preloaded format=pdflatex 2020.11.11)  11 JUN 2021 18:04
entering extended mode
 restricted \write18 enabled.
 %&-line parsing enabled.
**"Supplementary material_v3.tex"
(./Supplementary material_v3.tex
LaTeX2e <2020-02-02> patch level 2
L3 programming layer <2020-02-14>
(/usr/share/texlive/texmf-dist/tex/latex/base/article.cls
Document Class: article 2019/12/20 v1.4l Standard LaTeX document class
(/usr/share/texlive/texmf-dist/tex/latex/base/size10.clo
File: size10.clo 2019/12/20 v1.4l Standard LaTeX file (size option)
)
\c@part=\count167
\c@section=\count168
\c@subsection=\count169
\c@subsubsection=\count170
\c@paragraph=\count171
\c@subparagraph=\count172
\c@figure=\count173
\c@table=\count174
\abovecaptionskip=\skip47
\belowcaptionskip=\skip48
\bibindent=\dimen134
)
(/usr/share/texlive/texmf-dist/tex/latex/amsmath/amsmath.sty
Package: amsmath 2020/01/20 v2.17e AMS math features
\@mathmargin=\skip49

For additional information on amsmath, use the `?' option.
(/usr/share/texlive/texmf-dist/tex/latex/amsmath/amstext.sty
Package: amstext 2000/06/29 v2.01 AMS text

(/usr/share/texlive/texmf-dist/tex/latex/amsmath/amsgen.sty
File: amsgen.sty 1999/11/30 v2.0 generic functions
\@emptytoks=\toks14
\ex@=\dimen135
))
(/usr/share/texlive/texmf-dist/tex/latex/amsmath/amsbsy.sty
Package: amsbsy 1999/11/29 v1.2d Bold Symbols
\pmbraise@=\dimen136
)
(/usr/share/texlive/texmf-dist/tex/latex/amsmath/amsopn.sty
Package: amsopn 2016/03/08 v2.02 operator names
)
\inf@bad=\count175
LaTeX Info: Redefining \frac on input line 227.
\uproot@=\count176
\leftroot@=\count177
LaTeX Info: Redefining \overline on input line 389.
\classnum@=\count178
\DOTSCASE@=\count179
LaTeX Info: Redefining \ldots on input line 486.
LaTeX Info: Redefining \dots on input line 489.
LaTeX Info: Redefining \cdots on input line 610.
\Mathstrutbox@=\box45
\strutbox@=\box46
\big@size=\dimen137
LaTeX Font Info:    Redeclaring font encoding OML on input line 733.
LaTeX Font Info:    Redeclaring font encoding OMS on input line 734.
\macc@depth=\count180
\c@MaxMatrixCols=\count181
\dotsspace@=\muskip16
\c@parentequation=\count182
\dspbrk@lvl=\count183
\tag@help=\toks15
\row@=\count184
\column@=\count185
\maxfields@=\count186
\andhelp@=\toks16
\eqnshift@=\dimen138
\alignsep@=\dimen139
\tagshift@=\dimen140
\tagwidth@=\dimen141
\totwidth@=\dimen142
\lineht@=\dimen143
\@envbody=\toks17
\multlinegap=\skip50
\multlinetaggap=\skip51
\mathdisplay@stack=\toks18
LaTeX Info: Redefining \[ on input line 2859.
LaTeX Info: Redefining \] on input line 2860.
)
(/usr/share/texlive/texmf-dist/tex/latex/amsfonts/amssymb.sty
Package: amssymb 2013/01/14 v3.01 AMS font symbols

(/usr/share/texlive/texmf-dist/tex/latex/amsfonts/amsfonts.sty
Package: amsfonts 2013/01/14 v3.01 Basic AMSFonts support
\symAMSa=\mathgroup4
\symAMSb=\mathgroup5
LaTeX Font Info:    Redeclaring math symbol \hbar on input line 98.
LaTeX Font Info:    Overwriting math alphabet `\mathfrak' in version `bold'
(Font)                  U/euf/m/n --> U/euf/b/n on input line 106.
))
(/usr/share/texlive/texmf-dist/tex/latex/float/float.sty
Package: float 2001/11/08 v1.3d Float enhancements (AL)
\c@float@type=\count187
\float@exts=\toks19
\float@box=\box47
\@float@everytoks=\toks20
\@floatcapt=\box48
)
(/usr/share/texlive/texmf-dist/tex/latex/graphics/graphicx.sty
Package: graphicx 2019/11/30 v1.2a Enhanced LaTeX Graphics (DPC,SPQR)

(/usr/share/texlive/texmf-dist/tex/latex/graphics/keyval.sty
Package: keyval 2014/10/28 v1.15 key=value parser (DPC)
\KV@toks@=\toks21
)
(/usr/share/texlive/texmf-dist/tex/latex/graphics/graphics.sty
Package: graphics 2019/11/30 v1.4a Standard LaTeX Graphics (DPC,SPQR)

(/usr/share/texlive/texmf-dist/tex/latex/graphics/trig.sty
Package: trig 2016/01/03 v1.10 sin cos tan (DPC)
)
(/usr/share/texlive/texmf-dist/tex/latex/graphics-cfg/graphics.cfg
File: graphics.cfg 2016/06/04 v1.11 sample graphics configuration
)
Package graphics Info: Driver file: pdftex.def on input line 105.

(/usr/share/texlive/texmf-dist/tex/latex/graphics-def/pdftex.def
File: pdftex.def 2018/01/08 v1.0l Graphics/color driver for pdftex
))
\Gin@req@height=\dimen144
\Gin@req@width=\dimen145
)
(/usr/share/texlive/texmf-dist/tex/latex/caption/subcaption.sty
Package: subcaption 2020/01/22 v1.3d Sub-captions (AR)

(/usr/share/texlive/texmf-dist/tex/latex/caption/caption.sty
Package: caption 2020/01/03 v3.4h Customizing captions (AR)

(/usr/share/texlive/texmf-dist/tex/latex/caption/caption3.sty
Package: caption3 2020/01/03 v1.8h caption3 kernel (AR)
Package caption3 Info: TeX engine: e-TeX on input line 61.
\captionmargin=\dimen146
\captionmargin@=\dimen147
\captionwidth=\dimen148
\caption@tempdima=\dimen149
\caption@indent=\dimen150
\caption@parindent=\dimen151
\caption@hangindent=\dimen152
Package caption Info: Standard document class detected.
)
\c@caption@flags=\count188
\c@continuedfloat=\count189
Package caption Info: float package is loaded.
)
\c@subfigure=\count190
\c@subtable=\count191
)
(/usr/share/texlive/texmf-dist/tex/latex/changepage/changepage.sty
Package: changepage 2009/10/20 v1.0c check page and change page layout
\c@cp@cntr=\count192
\cp@tempcnt=\count193
)
(/usr/share/texlive/texmf-dist/tex/latex/url/url.sty
\Urlmuskip=\muskip17
Package: url 2013/09/16  ver 3.4  Verb mode for urls, etc.
)
(/usr/share/texlive/texmf-dist/tex/latex/l3packages/xfrac/xfrac.sty
(/usr/share/texlive/texmf-dist/tex/latex/l3kernel/expl3.sty
Package: expl3 2020-02-14 L3 programming layer (loader) 

(/usr/share/texlive/texmf-dist/tex/latex/l3backend/l3backend-pdfmode.def
File: l3backend-pdfmode.def 2020-02-03 L3 backend support: PDF mode
\l__kernel_color_stack_int=\count194
\l__pdf_internal_box=\box49
))
(/usr/share/texlive/texmf-dist/tex/latex/l3packages/l3keys2e/l3keys2e.sty
Package: l3keys2e 2020-02-14 LaTeX2e option processing using LaTeX3 keys
)
(/usr/share/texlive/texmf-dist/tex/latex/base/textcomp.sty
Package: textcomp 2020/02/02 v2.0n Standard LaTeX package
)
(/usr/share/texlive/texmf-dist/tex/latex/l3packages/xparse/xparse.sty
Package: xparse 2020-02-14 L3 Experimental document command parser
\l__xparse_current_arg_int=\count195
\g__xparse_grabber_int=\count196
\l__xparse_m_args_int=\count197
\l__xparse_v_nesting_int=\count198
)
(/usr/share/texlive/texmf-dist/tex/latex/l3packages/xtemplate/xtemplate.sty
Package: xtemplate 2020-02-14 L3 Experimental prototype document functions
\l__xtemplate_tmp_dim=\dimen153
\l__xtemplate_tmp_int=\count199
\l__xtemplate_tmp_muskip=\muskip18
\l__xtemplate_tmp_skip=\skip52
)
Package: xfrac 2020-02-14 L3 Experimental split-level fractions
\l__xfrac_slash_box=\box50
\l__xfrac_tmp_box=\box51
\l__xfrac_denominator_bot_sep_dim=\dimen154
\l__xfrac_numerator_bot_sep_dim=\dimen155
\l__xfrac_numerator_top_sep_dim=\dimen156
\l__xfrac_slash_left_sep_dim=\dimen157
\l__xfrac_slash_right_sep_dim=\dimen158
\l__xfrac_slash_left_muskip=\muskip19
\l__xfrac_slash_right_muskip=\muskip20

Package xtemplate Info: Declaring object type 'xfrac' taking 3 argument(s) on
(xtemplate)             line 80.

)
(/usr/share/texlive/texmf-dist/tex/latex/booktabs/booktabs.sty
Package: booktabs 2020/01/12 v1.61803398 Publication quality tables
\heavyrulewidth=\dimen159
\lightrulewidth=\dimen160
\cmidrulewidth=\dimen161
\belowrulesep=\dimen162
\belowbottomsep=\dimen163
\aboverulesep=\dimen164
\abovetopsep=\dimen165
\cmidrulesep=\dimen166
\cmidrulekern=\dimen167
\defaultaddspace=\dimen168
\@cmidla=\count266
\@cmidlb=\count267
\@aboverulesep=\dimen169
\@belowrulesep=\dimen170
\@thisruleclass=\count268
\@lastruleclass=\count269
\@thisrulewidth=\dimen171
)
(/usr/share/texlive/texmf-dist/tex/latex/graphics/rotating.sty
Package: rotating 2016/08/11 v2.16d rotated objects in LaTeX

(/usr/share/texlive/texmf-dist/tex/latex/base/ifthen.sty
Package: ifthen 2014/09/29 v1.1c Standard LaTeX ifthen package (DPC)
)
\c@r@tfl@t=\count270
\rotFPtop=\skip53
\rotFPbot=\skip54
\rot@float@box=\box52
\rot@mess@toks=\toks22
)
(/usr/share/texlive/texmf-dist/tex/latex/geometry/geometry.sty
Package: geometry 2020/01/02 v5.9 Page Geometry

(/usr/share/texlive/texmf-dist/tex/generic/iftex/ifvtex.sty
Package: ifvtex 2019/10/25 v1.7 ifvtex legacy package. Use iftex instead.

(/usr/share/texlive/texmf-dist/tex/generic/iftex/iftex.sty
Package: iftex 2019/11/07 v1.0c TeX engine tests
))
\Gm@cnth=\count271
\Gm@cntv=\count272
\c@Gm@tempcnt=\count273
\Gm@bindingoffset=\dimen172
\Gm@wd@mp=\dimen173
\Gm@odd@mp=\dimen174
\Gm@even@mp=\dimen175
\Gm@layoutwidth=\dimen176
\Gm@layoutheight=\dimen177
\Gm@layouthoffset=\dimen178
\Gm@layoutvoffset=\dimen179
\Gm@dimlist=\toks23
)
(/usr/share/texlive/texmf-dist/tex/latex/preprint/authblk.sty
Package: authblk 2001/02/27 1.3 (PWD)
\affilsep=\skip55
\@affilsep=\skip56
\c@Maxaffil=\count274
\c@authors=\count275
\c@affil=\count276
)
(/usr/share/texlive/texmf-dist/tex/latex/xcolor/xcolor.sty
Package: xcolor 2016/05/11 v2.12 LaTeX color extensions (UK)

(/usr/share/texlive/texmf-dist/tex/latex/graphics-cfg/color.cfg
File: color.cfg 2016/01/02 v1.6 sample color configuration
)
Package xcolor Info: Driver file: pdftex.def on input line 225.
Package xcolor Info: Model `cmy' substituted by `cmy0' on input line 1348.
Package xcolor Info: Model `hsb' substituted by `rgb' on input line 1352.
Package xcolor Info: Model `RGB' extended on input line 1364.
Package xcolor Info: Model `HTML' substituted by `rgb' on input line 1366.
Package xcolor Info: Model `Hsb' substituted by `hsb' on input line 1367.
Package xcolor Info: Model `tHsb' substituted by `hsb' on input line 1368.
Package xcolor Info: Model `HSB' substituted by `hsb' on input line 1369.
Package xcolor Info: Model `Gray' substituted by `gray' on input line 1370.
Package xcolor Info: Model `wave' substituted by `hsb' on input line 1371.
)
(/usr/share/texlive/texmf-dist/tex/latex/colortbl/colortbl.sty
Package: colortbl 2020/01/04 v1.0e Color table columns (DPC)

(/usr/share/texlive/texmf-dist/tex/latex/tools/array.sty
Package: array 2019/08/31 v2.4l Tabular extension package (FMi)
\col@sep=\dimen180
\ar@mcellbox=\box53
\extrarowheight=\dimen181
\NC@list=\toks24
\extratabsurround=\skip57
\backup@length=\skip58
\ar@cellbox=\box54
)
\everycr=\toks25
\minrowclearance=\skip59
)
(/usr/share/texlive/texmf-dist/tex/latex/multirow/multirow.sty
Package: multirow 2019/05/31 v2.5 Span multiple rows of a table
\multirow@colwidth=\skip60
\multirow@cntb=\count277
\multirow@dima=\skip61
\bigstrutjot=\dimen182
)
(/usr/share/texlive/texmf-dist/tex/latex/blindtext/blindtext.sty
Package: blindtext 2012/01/06 V2.0 blindtext-Package

(/usr/share/texlive/texmf-dist/tex/latex/tools/xspace.sty
Package: xspace 2014/10/28 v1.13 Space after command names (DPC,MH)
)
\c@blindtext=\count278
\c@Blindtext=\count279
\c@blind@countparstart=\count280
\blind@countxx=\count281
\blindtext@numBlindtext=\count282
\blind@countyy=\count283
\c@blindlist=\count284
\c@blindlistlevel=\count285
\c@blindlist@level=\count286
\blind@listitem=\count287
\c@blind@listcount=\count288
\c@blind@levelcount=\count289
\blind@mathformula=\count290
\blind@Mathformula=\count291
\c@blind@randomcount=\count292
\c@blind@randommax=\count293
\c@blind@pangramcount=\count294
\c@blind@pangrammax=\count295
)
(/usr/share/texlive/texmf-dist/tex/latex/mathtools/mathtools.sty
Package: mathtools 2020/01/17 v1.23 mathematical typesetting tools

(/usr/share/texlive/texmf-dist/tex/latex/tools/calc.sty
Package: calc 2017/05/25 v4.3 Infix arithmetic (KKT,FJ)
\calc@Acount=\count296
\calc@Bcount=\count297
\calc@Adimen=\dimen183
\calc@Bdimen=\dimen184
\calc@Askip=\skip62
\calc@Bskip=\skip63
LaTeX Info: Redefining \setlength on input line 80.
LaTeX Info: Redefining \addtolength on input line 81.
\calc@Ccount=\count298
\calc@Cskip=\skip64
)
(/usr/share/texlive/texmf-dist/tex/latex/mathtools/mhsetup.sty
Package: mhsetup 2017/03/31 v1.3 programming setup (MH)
)
LaTeX Info: Thecontrolsequence`\('isalreadyrobust on input line 129.
LaTeX Info: Thecontrolsequence`\)'isalreadyrobust on input line 129.
LaTeX Info: Thecontrolsequence`\['isalreadyrobust on input line 129.
LaTeX Info: Thecontrolsequence`\]'isalreadyrobust on input line 129.
\g_MT_multlinerow_int=\count299
\l_MT_multwidth_dim=\dimen185
\origjot=\skip65
\l_MT_shortvdotswithinadjustabove_dim=\dimen186
\l_MT_shortvdotswithinadjustbelow_dim=\dimen187
\l_MT_above_intertext_sep=\dimen188
\l_MT_below_intertext_sep=\dimen189
\l_MT_above_shortintertext_sep=\dimen190
\l_MT_below_shortintertext_sep=\dimen191
)
(/usr/share/texlive/texmf-dist/tex/latex/titlesec/titlesec.sty
Package: titlesec 2019/10/16 v2.13 Sectioning titles
\ttl@box=\box55
\beforetitleunit=\skip66
\aftertitleunit=\skip67
\ttl@plus=\dimen192
\ttl@minus=\dimen193
\ttl@toksa=\toks26
\titlewidth=\dimen194
\titlewidthlast=\dimen195
\titlewidthfirst=\dimen196
)
(/usr/share/texlive/texmf-dist/tex/latex/wasysym/wasysym.sty
Package: wasysym 2020/01/19 v2.4 Wasy-2 symbol support package
\symwasy=\mathgroup6
LaTeX Font Info:    Overwriting symbol font `wasy' in version `bold'
(Font)                  U/wasy/m/n --> U/wasy/b/n on input line 93.
)
(/usr/share/texlive/texmf-dist/tex/latex/cleveref/cleveref.sty
Package: cleveref 2018/03/27 v0.21.4 Intelligent cross-referencing
)
(/usr/share/texlive/texmf-dist/tex/latex/setspace/setspace.sty
Package: setspace 2011/12/19 v6.7a set line spacing
)
(/usr/share/texlive/texmf-dist/tex/latex/apacite/apacite.sty
Package: apacite 2013/07/21 v6.03 APA citation
\c@BibCnt=\count300
\bibleftmargin=\skip68
\bibindent=\skip69
\bibparsep=\skip70
\bibitemsep=\skip71
\biblabelsep=\skip72
)
(/usr/share/texlive/texmf-dist/tex/latex/threeparttable/threeparttable.sty
Package: threeparttable 2003/06/13  v 3.0
\@tempboxb=\box56
)
(./Supplementary material_v3.aux)
\openout1 = `"Supplementary material_v3.aux"'.

LaTeX Font Info:    Checking defaults for OML/cmm/m/it on input line 34.
LaTeX Font Info:    ... okay on input line 34.
LaTeX Font Info:    Checking defaults for OMS/cmsy/m/n on input line 34.
LaTeX Font Info:    ... okay on input line 34.
LaTeX Font Info:    Checking defaults for OT1/cmr/m/n on input line 34.
LaTeX Font Info:    ... okay on input line 34.
LaTeX Font Info:    Checking defaults for T1/cmr/m/n on input line 34.
LaTeX Font Info:    ... okay on input line 34.
LaTeX Font Info:    Checking defaults for TS1/cmr/m/n on input line 34.
LaTeX Font Info:    ... okay on input line 34.
LaTeX Font Info:    Checking defaults for OMX/cmex/m/n on input line 34.
LaTeX Font Info:    ... okay on input line 34.
LaTeX Font Info:    Checking defaults for U/cmr/m/n on input line 34.
LaTeX Font Info:    ... okay on input line 34.

(/usr/share/texlive/texmf-dist/tex/context/base/mkii/supp-pdf.mkii
[Loading MPS to PDF converter (version 2006.09.02).]
\scratchcounter=\count301
\scratchdimen=\dimen197
\scratchbox=\box57
\nofMPsegments=\count302
\nofMParguments=\count303
\everyMPshowfont=\toks27
\MPscratchCnt=\count304
\MPscratchDim=\dimen198
\MPnumerator=\count305
\makeMPintoPDFobject=\count306
\everyMPtoPDFconversion=\toks28
) (/usr/share/texlive/texmf-dist/tex/latex/epstopdf-pkg/epstopdf-base.sty
Package: epstopdf-base 2020-01-24 v2.11 Base part for package epstopdf

(/usr/share/texlive/texmf-dist/tex/generic/infwarerr/infwarerr.sty
Package: infwarerr 2019/12/03 v1.5 Providing info/warning/error messages (HO)
)
(/usr/share/texlive/texmf-dist/tex/latex/grfext/grfext.sty
Package: grfext 2019/12/03 v1.3 Manage graphics extensions (HO)

(/usr/share/texlive/texmf-dist/tex/generic/kvdefinekeys/kvdefinekeys.sty
Package: kvdefinekeys 2019-12-19 v1.6 Define keys (HO)
))
(/usr/share/texlive/texmf-dist/tex/latex/kvoptions/kvoptions.sty
Package: kvoptions 2019/11/29 v3.13 Key value format for package options (HO)

(/usr/share/texlive/texmf-dist/tex/generic/ltxcmds/ltxcmds.sty
Package: ltxcmds 2019/12/15 v1.24 LaTeX kernel commands for general use (HO)
)
(/usr/share/texlive/texmf-dist/tex/generic/kvsetkeys/kvsetkeys.sty
Package: kvsetkeys 2019/12/15 v1.18 Key value parser (HO)
))
(/usr/share/texlive/texmf-dist/tex/latex/pdftexcmds/pdftexcmds.sty
Package: pdftexcmds 2019/11/24 v0.31 Utility functions of pdfTeX for LuaTeX (HO
)
Package pdftexcmds Info: \pdf@primitive is available.
Package pdftexcmds Info: \pdf@ifprimitive is available.
Package pdftexcmds Info: \pdfdraftmode found.
)
Package epstopdf-base Info: Redefining graphics rule for `.eps' on input line 4
85.
Package grfext Info: Graphics extension search list:
(grfext)             [.pdf,.png,.jpg,.mps,.jpeg,.jbig2,.jb2,.PDF,.PNG,.JPG,.JPE
G,.JBIG2,.JB2,.eps]
(grfext)             \AppendGraphicsExtensions on input line 504.

(/usr/share/texlive/texmf-dist/tex/latex/latexconfig/epstopdf-sys.cfg
File: epstopdf-sys.cfg 2010/07/13 v1.3 Configuration of (r)epstopdf for TeX Liv
e
))
Package caption Info: Begin \AtBeginDocument code.
Package caption Info: rotating package is loaded.
Package caption Info: threeparttable package is loaded.
Package caption Info: End \AtBeginDocument code.

*geometry* driver: auto-detecting
*geometry* detected driver: pdftex
*geometry* verbose mode - [ preamble ] result:
* driver: pdftex
* paper: a4paper
* layout: <same size as paper>
* layoutoffset:(h,v)=(0.0pt,0.0pt)
* modes: 
* h-part:(L,W,R)=(89.62709pt, 418.25368pt, 89.6271pt)
* v-part:(T,H,B)=(101.40665pt, 591.5302pt, 152.11pt)
* \paperwidth=597.50787pt
* \paperheight=845.04684pt
* \textwidth=418.25368pt
* \textheight=591.5302pt
* \oddsidemargin=17.3571pt
* \evensidemargin=17.3571pt
* \topmargin=-7.86334pt
* \headheight=12.0pt
* \headsep=25.0pt
* \topskip=10.0pt
* \footskip=30.0pt
* \marginparwidth=57.0pt
* \marginparsep=11.0pt
* \columnsep=10.0pt
* \skip\footins=9.0pt plus 4.0pt minus 2.0pt
* \hoffset=0.0pt
* \voffset=0.0pt
* \mag=1000
* \@twocolumnfalse
* \@twosidefalse
* \@mparswitchfalse
* \@reversemarginfalse
* (1in=72.27pt=25.4mm, 1cm=28.453pt)

\c@maskedRefs=\count307
(/usr/share/texlive/texmf-dist/tex/latex/apacite/english.apc
File: english.apc 2013/07/21 v6.03 apacite language file
LaTeX Info: Redefining \BPBI on input line 129.
LaTeX Info: Redefining \BHBI on input line 130.
)
LaTeX Font Info:    Trying to load font information for U+msa on input line 50.


(/usr/share/texlive/texmf-dist/tex/latex/amsfonts/umsa.fd
File: umsa.fd 2013/01/14 v3.01 AMS symbols A
)
LaTeX Font Info:    Trying to load font information for U+msb on input line 50.


(/usr/share/texlive/texmf-dist/tex/latex/amsfonts/umsb.fd
File: umsb.fd 2013/01/14 v3.01 AMS symbols B
)
LaTeX Font Info:    Trying to load font information for U+wasy on input line 50
.

(/usr/share/texlive/texmf-dist/tex/latex/wasysym/uwasy.fd
File: uwasy.fd 2020/01/19 v2.4 Wasy-2 symbol font definitions
) [1

{/var/lib/texmf/fonts/map/pdftex/updmap/pdftex.map}] (./Supplementary material_
v3.toc)
\tf@toc=\write3
\openout3 = `"Supplementary material_v3.toc"'.

 [2]
LaTeX Font Info:    Trying to load font information for OML+cmr on input line 7
3.

(/usr/share/texlive/texmf-dist/tex/latex/base/omlcmr.fd
File: omlcmr.fd 2019/12/16 v2.5j Standard LaTeX font definitions
)
LaTeX Font Info:    Font shape `OML/cmr/m/n' in size <10> not available
(Font)              Font shape `OML/cmm/m/it' tried instead on input line 73.
 [3]

pdfTeX warning: /usr/bin/pdflatex (file ./TrophicStateIndex.pdf): PDF inclusion
: found PDF version <1.7>, but at most version <1.5> allowed
<TrophicStateIndex.pdf, id=25, 845.04686pt x 597.50786pt>
File: TrophicStateIndex.pdf Graphic file (type pdf)
<use TrophicStateIndex.pdf>
Package pdftex.def Info: TrophicStateIndex.pdf  used on input line 80.
(pdftex.def)             Requested size: 397.3397pt x 280.94725pt.
[4 <./TrophicStateIndex.pdf>]

pdfTeX warning: /usr/bin/pdflatex (file ./BalanceofP.pdf): PDF inclusion: found
 PDF version <1.7>, but at most version <1.5> allowed
<BalanceofP.pdf, id=59, 845.07724pt x 597.55246pt>
File: BalanceofP.pdf Graphic file (type pdf)
<use BalanceofP.pdf>
Package pdftex.def Info: BalanceofP.pdf  used on input line 92.
(pdftex.def)             Requested size: 397.3397pt x 280.9591pt.
[5] [6 <./BalanceofP.pdf>]

pdfTeX warning: /usr/bin/pdflatex (file ./SoilFertility.pdf): PDF inclusion: fo
und PDF version <1.7>, but at most version <1.5> allowed
<SoilFertility.pdf, id=94, 845.04686pt x 597.50786pt>
File: SoilFertility.pdf Graphic file (type pdf)
<use SoilFertility.pdf>
Package pdftex.def Info: SoilFertility.pdf  used on input line 136.
(pdftex.def)             Requested size: 397.3397pt x 280.94725pt.
[7] [8 <./SoilFertility.pdf>]
<water_manure_properties.pdf, id=132, 597.47943pt x 421.07233pt>
File: water_manure_properties.pdf Graphic file (type pdf)
<use water_manure_properties.pdf>
Package pdftex.def Info: water_manure_properties.pdf  used on input line 198.
(pdftex.def)             Requested size: 292.77629pt x 127.88991pt.
 [9] [10 <./water_manure_properties.pdf>]
<AD_size_cost.pdf, id=153, 509.51604pt x 391.91827pt>
File: AD_size_cost.pdf Graphic file (type pdf)
<use AD_size_cost.pdf>
Package pdftex.def Info: AD_size_cost.pdf  used on input line 236.
(pdftex.def)             Requested size: 204.9466pt x 157.64362pt.
<AD_size_OM_Unit_cost.pdf, id=155, 518.45569pt x 391.91827pt>
File: AD_size_OM_Unit_cost.pdf Graphic file (type pdf)
<use AD_size_OM_Unit_cost.pdf>
Package pdftex.def Info: AD_size_OM_Unit_cost.pdf  used on input line 242.
(pdftex.def)             Requested size: 192.39949pt x 145.43806pt.
 [11 <./AD_size_cost.pdf> <./AD_size_OM_Unit_cost.pdf

pdfTeX warning: /usr/bin/pdflatex (file ./AD_size_OM_Unit_cost.pdf): PDF inclus
ion: multiple pdfs with page group included in a single page
>]
<screwpress_cost_m.pdf, id=235, 433.62pt x 289.08pt>
File: screwpress_cost_m.pdf Graphic file (type pdf)
<use screwpress_cost_m.pdf>
Package pdftex.def Info: screwpress_cost_m.pdf  used on input line 293.
(pdftex.def)             Requested size: 250.95476pt x 172.97736pt.
 [12]
<screwpress_unit_cost_m.pdf, id=243, 433.62pt x 289.08pt>
File: screwpress_unit_cost_m.pdf Graphic file (type pdf)
<use screwpress_unit_cost_m.pdf>
Package pdftex.def Info: screwpress_unit_cost_m.pdf  used on input line 318.
(pdftex.def)             Requested size: 209.12683pt x 139.41846pt.
<screwpress_op_cost_m.pdf, id=244, 433.62pt x 289.08pt>
File: screwpress_op_cost_m.pdf Graphic file (type pdf)
<use screwpress_op_cost_m.pdf>
Package pdftex.def Info: screwpress_op_cost_m.pdf  used on input line 324.
(pdftex.def)             Requested size: 209.12683pt x 139.41846pt.

Overfull \hbox (12.22221pt too wide) in paragraph at lines 317--328
[][]  [] 
 []

[13 <./screwpress_cost_m.pdf> <./screwpress_unit_cost_m.pdf

pdfTeX warning: /usr/bin/pdflatex (file ./screwpress_unit_cost_m.pdf): PDF incl
usion: multiple pdfs with page group included in a single page
> <./screwpress_op_cost_m.pdf

pdfTeX warning: /usr/bin/pdflatex (file ./screwpress_op_cost_m.pdf): PDF inclus
ion: multiple pdfs with page group included in a single page
>]
<diagrams.pdf, id=388, 1690.06529pt x 1194.98729pt>
File: diagrams.pdf Graphic file (type pdf)
<use diagrams.pdf>
Package pdftex.def Info: diagrams.pdf  used on input line 350.
(pdftex.def)             Requested size: 418.25368pt x 278.13364pt.
 [14] [15 <./diagrams.pdf>] [16] [17] [18]
<vessel_investment_cost.pdf, id=448, 455.2441pt x 256.0748pt>
File: vessel_investment_cost.pdf Graphic file (type pdf)
<use vessel_investment_cost.pdf>
Package pdftex.def Info: vessel_investment_cost.pdf  used on input line 406.
(pdftex.def)             Requested size: 250.95476pt x 141.16197pt.
 [19 <./vessel_investment_cost.pdf>]
<converyor_dryer_investment_cost.pdf, id=469, 455.2441pt x 256.0748pt>
File: converyor_dryer_investment_cost.pdf Graphic file (type pdf)
<use converyor_dryer_investment_cost.pdf>
Package pdftex.def Info: converyor_dryer_investment_cost.pdf  used on input lin
e 431.
(pdftex.def)             Requested size: 334.60422pt x 188.22247pt.
 [20 <./converyor_dryer_investment_cost.pdf>]
Overfull \hbox (14.91336pt too wide) in paragraph at lines 448--450
[] []|\OT1/cmr/bx/n/10 2.2.4.5 Phos-pho-rus re-cov-ery through a mod-u-lar phas
es sep-a-ra-tion sys-tem: MAPHEX.[]
 []

[21]
<SMAA.png, id=484, 3306.3525pt x 2799.45876pt>
File: SMAA.png Graphic file (type png)
<use SMAA.png>
Package pdftex.def Info: SMAA.png  used on input line 456.
(pdftex.def)             Requested size: 167.2989pt x 141.5861pt.
 [22 <./SMAA.png>] [23] (./Supplementary material_v3.bbl [24]
Underfull \hbox (badness 1365) in paragraph at lines 361--382
[]\OT1/cmr/m/n/10 Ehbrecht, A., Sch^^?onauer, S., Fud-erer, T., & Schuh-mann, R
.  (2011, Jan-uary).  P-
 []


Underfull \hbox (badness 1721) in paragraph at lines 361--382
\OT1/cmr/m/n/10 Recovery from sewage by seeded crys-talli-sa-tion in a pi-lot p
lant in batch mode
 []


Underfull \hbox (badness 2359) in paragraph at lines 361--382
\OT1/cmr/m/n/10 tech-nol-ogy.  \OT1/cmr/m/it/10 Wa-ter Sci-ence and Tech-nol-og
y\OT1/cmr/m/n/10 , \OT1/cmr/m/it/10 63\OT1/cmr/m/n/10 (2), 339--344.  Re-trieve
d 2019-
 []

[25]
Underfull \hbox (badness 10000) in paragraph at lines 712--725
\OT1/cmtt/m/n/10 .countyofnapa [] .org / agendanet / DownloadDocument [] .aspx 
[] ?type = NAPASAN&doctype =
 []


Underfull \hbox (badness 3312) in paragraph at lines 787--801
[]\OT1/cmr/m/n/10 Pennsylvania De-part-ment of En-vi-ron-men-tal Pro-tec-tion. 
 (2019).  \OT1/cmr/m/it/10 Con-cen-trated An-
 []


Underfull \hbox (badness 2401) in paragraph at lines 787--801
\OT1/cmr/m/it/10 i-mal Feed-ing Op-er-a-tions.  $\OT1/cmtt/m/n/10 https :// www
 [] .dep [] .pa [] .gov / Business / Water / CleanWater /
 []


Underfull \hbox (badness 1521) in paragraph at lines 787--801
\OT1/cmtt/m/n/10 AgriculturalOperations / CAFOs / pages / default [] .aspx$\OT1
/cmr/m/n/10 .  ([On-line; ac-cessed 29-July-
 []

[26] [27]) [28] (./Supplementary material_v3.aux)

LaTeX Font Warning: Size substitutions with differences
(Font)              up to 3.25pt have occurred.

 ) 
Here is how much of TeX's memory you used:
 9978 strings out of 481239
 171167 string characters out of 5920376
 443228 words of memory out of 5000000
 25064 multiletter control sequences out of 15000+600000
 545453 words of font info for 79 fonts, out of 8000000 for 9000
 1141 hyphenation exceptions out of 8191
 48i,24n,75p,1638b,536s stack positions out of 5000i,500n,10000p,200000b,80000s
{/usr/share/texmf/fonts/enc/dvips/cm-super/cm-super-ts1.enc}</usr/share/texli
ve/texmf-dist/fonts/type1/public/amsfonts/cm/cmbx10.pfb></usr/share/texlive/tex
mf-dist/fonts/type1/public/amsfonts/cm/cmbx12.pfb></usr/share/texlive/texmf-dis
t/fonts/type1/public/amsfonts/cm/cmex10.pfb></usr/share/texlive/texmf-dist/font
s/type1/public/amsfonts/cm/cmmi10.pfb></usr/share/texlive/texmf-dist/fonts/type
1/public/amsfonts/cm/cmmi5.pfb></usr/share/texlive/texmf-dist/fonts/type1/publi
c/amsfonts/cm/cmmi7.pfb></usr/share/texlive/texmf-dist/fonts/type1/public/amsfo
nts/cm/cmr10.pfb></usr/share/texlive/texmf-dist/fonts/type1/public/amsfonts/cm/
cmr17.pfb></usr/share/texlive/texmf-dist/fonts/type1/public/amsfonts/cm/cmr5.pf
b></usr/share/texlive/texmf-dist/fonts/type1/public/amsfonts/cm/cmr6.pfb></usr/
share/texlive/texmf-dist/fonts/type1/public/amsfonts/cm/cmr7.pfb></usr/share/te
xlive/texmf-dist/fonts/type1/public/amsfonts/cm/cmr9.pfb></usr/share/texlive/te
xmf-dist/fonts/type1/public/amsfonts/cm/cmsy10.pfb></usr/share/texlive/texmf-di
st/fonts/type1/public/amsfonts/cm/cmsy5.pfb></usr/share/texlive/texmf-dist/font
s/type1/public/amsfonts/cm/cmsy7.pfb></usr/share/texlive/texmf-dist/fonts/type1
/public/amsfonts/cm/cmti10.pfb></usr/share/texlive/texmf-dist/fonts/type1/publi
c/amsfonts/cm/cmti9.pfb></usr/share/texlive/texmf-dist/fonts/type1/public/amsfo
nts/cm/cmtt10.pfb></usr/share/texmf/fonts/type1/public/cm-super/sfrm1000.pfb></
usr/share/texlive/texmf-dist/fonts/type1/public/wasy-type1/wasy10.pfb></usr/sha
re/texlive/texmf-dist/fonts/type1/public/wasy-type1/wasy5.pfb>
Output written on "Supplementary material_v3.pdf" (28 pages, 6678238 bytes).
PDF statistics:
 581 PDF objects out of 1000 (max. 8388607)
 275 compressed objects within 3 object streams
 0 named destinations out of 1000 (max. 500000)
 114 words of extra memory for PDF output out of 10000 (max. 10000000)

